<?xml version="1.0" encoding="UTF-8"?>
<!-- Generated by org.testng.reporters.JUnitReportReporter -->
<testsuite hostname="DESKTOP-3BU923C" failures="0" tests="1" name="pack1.class1" time="2.232" errors="0" timestamp="2022-09-26T13:42:18 IST" skipped="0">
  <testcase classname="pack1.class1" name="launch_browser" time="2.232"/>
  <system-out/>
</testsuite> <!-- pack1.class1 -->
